Started GET "/" for 127.0.0.1 at 2023-04-12 12:36:49 +0300
Processing by Rails::WelcomeController#index as HTML
  Rendering /Users/almashiandrey/.rvm/rubies/ruby-3.2.1/lib/ruby/gems/3.2.0/gems/railties-7.0.4.3/lib/rails/templates/rails/welcome/index.html.erb
  Rendered /Users/almashiandrey/.rvm/rubies/ruby-3.2.1/lib/ruby/gems/3.2.0/gems/railties-7.0.4.3/lib/rails/templates/rails/welcome/index.html.erb (Duration: 1.4ms | Allocations: 633)
Completed 200 OK in 12ms (Views: 5.8ms | ActiveRecord: 0.0ms | Allocations: 5336)


  [1m[35m (1.7ms)[0m  [1m[35mCREATE TABLE "schema_migrations" ("version" varchar NOT NULL PRIMARY KEY)[0m
  [1m[35m (0.4ms)[0m  [1m[35mCREATE TABLE "ar_internal_metadata" ("key" varchar NOT NULL PRIMARY KEY, "value" varchar, "created_at" datetime(6) NOT NULL, "updated_at" datetime(6) NOT NULL)[0m
  [1m[36mActiveRecord::SchemaMigration Pluck (0.2ms)[0m  [1m[34mSELECT "schema_migrations"."version" FROM "schema_migrations" ORDER BY "schema_migrations"."version" ASC[0m
Migrating to CreateStatements (20230412093953)
  [1m[36mTRANSACTION (0.0ms)[0m  [1m[36mbegin transaction[0m
  [1m[35m (0.3ms)[0m  [1m[35mCREATE TABLE "statements" ("id" integer PRIMARY KEY AUTOINCREMENT NOT NULL, "title" varchar, "description" text, "body" text, "created_at" datetime(6) NOT NULL, "updated_at" datetime(6) NOT NULL)[0m
  [1m[36mActiveRecord::SchemaMigration Create (0.1ms)[0m  [1m[32mINSERT INTO "schema_migrations" ("version") VALUES (?)[0m  [["version", "20230412093953"]]
  [1m[36mTRANSACTION (0.3ms)[0m  [1m[36mcommit transaction[0m
  [1m[36mActiveRecord::InternalMetadata Load (0.1ms)[0m  [1m[34mSELECT "ar_internal_metadata".* FROM "ar_internal_metadata" WHERE "ar_internal_metadata"."key" = ? LIMIT ?[0m  [["key", "environment"], ["LIMIT", 1]]
  [1m[36mTRANSACTION (0.0ms)[0m  [1m[36mbegin transaction[0m
  [1m[36mActiveRecord::InternalMetadata Create (0.1ms)[0m  [1m[32mINSERT INTO "ar_internal_metadata" ("key", "value", "created_at", "updated_at") VALUES (?, ?, ?, ?)[0m  [["key", "environment"], ["value", "development"], ["created_at", "2023-04-12 09:40:58.386054"], ["updated_at", "2023-04-12 09:40:58.386054"]]
  [1m[36mTRANSACTION (0.2ms)[0m  [1m[36mcommit transaction[0m
  [1m[36mActiveRecord::SchemaMigration Pluck (0.0ms)[0m  [1m[34mSELECT "schema_migrations"."version" FROM "schema_migrations" ORDER BY "schema_migrations"."version" ASC[0m
  [1m[36mTRANSACTION (0.0ms)[0m  [1m[36mbegin transaction[0m
  [1m[36mStatement Create (0.8ms)[0m  [1m[32mINSERT INTO "statements" ("title", "description", "body", "created_at", "updated_at") VALUES (?, ?, ?, ?, ?)[0m  [["title", "Test"], ["description", "Test description"], ["body", "Test text"], ["created_at", "2023-04-12 09:43:31.875701"], ["updated_at", "2023-04-12 09:43:31.875701"]]
  [1m[36mTRANSACTION (0.8ms)[0m  [1m[36mcommit transaction[0m
  [1m[36mTRANSACTION (0.2ms)[0m  [1m[36mbegin transaction[0m
  [1m[36mStatement Create (0.9ms)[0m  [1m[32mINSERT INTO "statements" ("title", "description", "body", "created_at", "updated_at") VALUES (?, ?, ?, ?, ?)[0m  [["title", "Test1"], ["description", "Test1 description"], ["body", "Test1 text"], ["created_at", "2023-04-12 09:45:01.945470"], ["updated_at", "2023-04-12 09:45:01.945470"]]
  [1m[36mTRANSACTION (1.1ms)[0m  [1m[36mcommit transaction[0m
  [1m[36mStatement Load (0.6ms)[0m  [1m[34mSELECT "statements".* FROM "statements"[0m
Started GET "/" for 127.0.0.1 at 2023-04-12 13:02:29 +0300
  [1m[36mActiveRecord::SchemaMigration Pluck (0.2ms)[0m  [1m[34mSELECT "schema_migrations"."version" FROM "schema_migrations" ORDER BY "schema_migrations"."version" ASC[0m
Processing by Rails::WelcomeController#index as HTML
  Rendering /Users/almashiandrey/.rvm/rubies/ruby-3.2.1/lib/ruby/gems/3.2.0/gems/railties-7.0.4.3/lib/rails/templates/rails/welcome/index.html.erb
  Rendered /Users/almashiandrey/.rvm/rubies/ruby-3.2.1/lib/ruby/gems/3.2.0/gems/railties-7.0.4.3/lib/rails/templates/rails/welcome/index.html.erb (Duration: 0.8ms | Allocations: 489)
Completed 200 OK in 8ms (Views: 2.4ms | ActiveRecord: 0.0ms | Allocations: 3456)


Started GET "/statements" for 127.0.0.1 at 2023-04-12 13:02:51 +0300
  
ActionController::RoutingError (No route matches [GET] "/statements"):
  
Started GET "/statements" for 127.0.0.1 at 2023-04-12 13:07:13 +0300
  [1m[36mActiveRecord::SchemaMigration Pluck (0.0ms)[0m  [1m[34mSELECT "schema_migrations"."version" FROM "schema_migrations" ORDER BY "schema_migrations"."version" ASC[0m
Processing by StatementsController#index as HTML
  Rendering layout layouts/application.html.erb
  Rendering statements/index.html.erb within layouts/application
  [1m[36mStatement Load (0.3ms)[0m  [1m[34mSELECT "statements".* FROM "statements"[0m
  ↳ app/views/statements/index.html.erb:3
  Rendered statements/index.html.erb within layouts/application (Duration: 4.3ms | Allocations: 5839)
  Rendered layout layouts/application.html.erb (Duration: 123.5ms | Allocations: 95541)
Completed 200 OK in 130ms (Views: 124.6ms | ActiveRecord: 0.5ms | Allocations: 99314)


Started GET "/" for 127.0.0.1 at 2023-04-12 13:09:00 +0300
Processing by StatementsController#index as HTML
  Rendering layout layouts/application.html.erb
  Rendering statements/index.html.erb within layouts/application
  [1m[36mStatement Load (0.2ms)[0m  [1m[34mSELECT "statements".* FROM "statements"[0m
  ↳ app/views/statements/index.html.erb:3
  Rendered statements/index.html.erb within layouts/application (Duration: 2.1ms | Allocations: 613)
  Rendered layout layouts/application.html.erb (Duration: 7.7ms | Allocations: 2943)
Completed 200 OK in 9ms (Views: 8.1ms | ActiveRecord: 0.2ms | Allocations: 3223)


